Total time for which application threads were stopped: 0.0001471 seconds
Total time for which application threads were stopped: 0.0001517 seconds
Total time for which application threads were stopped: 0.0001294 seconds
Total time for which application threads were stopped: 0.0003407 seconds
Total time for which application threads were stopped: 0.0142238 seconds
Total time for which application threads were stopped: 0.0001415 seconds
Total time for which application threads were stopped: 0.0001219 seconds
Total time for which application threads were stopped: 0.0001178 seconds
Total time for which application threads were stopped: 0.0001196 seconds
Total time for which application threads were stopped: 0.0001666 seconds
Total time for which application threads were stopped: 0.0002048 seconds
Total time for which application threads were stopped: 0.0004333 seconds
Total time for which application threads were stopped: 0.0002742 seconds
Total time for which application threads were stopped: 0.0038833 seconds
Total time for which application threads were stopped: 0.0001122 seconds
Total time for which application threads were stopped: 0.0000735 seconds
Total time for which application threads were stopped: 0.0000675 seconds
Total time for which application threads were stopped: 0.0000703 seconds
Total time for which application threads were stopped: 0.0001224 seconds
Total time for which application threads were stopped: 0.0001071 seconds
Total time for which application threads were stopped: 0.0000680 seconds
Total time for which application threads were stopped: 0.0000661 seconds
Total time for which application threads were stopped: 0.0000596 seconds
Total time for which application threads were stopped: 0.0000577 seconds
Total time for which application threads were stopped: 0.0000549 seconds
Total time for which application threads were stopped: 0.0000568 seconds
Total time for which application threads were stopped: 0.0000554 seconds
Total time for which application threads were stopped: 0.0000568 seconds
Total time for which application threads were stopped: 0.0000628 seconds
Total time for which application threads were stopped: 0.0000582 seconds
Total time for which application threads were stopped: 0.0000596 seconds
Total time for which application threads were stopped: 0.0000600 seconds
Total time for which application threads were stopped: 0.0000628 seconds
Total time for which application threads were stopped: 0.0001466 seconds
Total time for which application threads were stopped: 0.0001359 seconds
Total time for which application threads were stopped: 0.0000675 seconds
Total time for which application threads were stopped: 0.0000661 seconds
Total time for which application threads were stopped: 0.0001168 seconds
Total time for which application threads were stopped: 0.0001280 seconds
Total time for which application threads were stopped: 0.0001215 seconds
Total time for which application threads were stopped: 0.0000870 seconds
Total time for which application threads were stopped: 0.0000535 seconds
Total time for which application threads were stopped: 0.0000433 seconds
Total time for which application threads were stopped: 0.0000414 seconds
Total time for which application threads were stopped: 0.0000400 seconds
Total time for which application threads were stopped: 0.0000391 seconds
Total time for which application threads were stopped: 0.0000372 seconds
Total time for which application threads were stopped: 0.0000372 seconds
Total time for which application threads were stopped: 0.0000582 seconds
Total time for which application threads were stopped: 0.0000419 seconds
Total time for which application threads were stopped: 0.0000386 seconds
Total time for which application threads were stopped: 0.0000400 seconds
Total time for which application threads were stopped: 0.0000796 seconds
Total time for which application threads were stopped: 0.0000549 seconds
Total time for which application threads were stopped: 0.0000424 seconds
Total time for which application threads were stopped: 0.0000400 seconds
Total time for which application threads were stopped: 0.0000382 seconds
Total time for which application threads were stopped: 0.0000712 seconds
Total time for which application threads were stopped: 0.0000438 seconds
Total time for which application threads were stopped: 0.0002095 seconds
Total time for which application threads were stopped: 0.0001015 seconds
Total time for which application threads were stopped: 0.0000624 seconds
Total time for which application threads were stopped: 0.0000670 seconds
Total time for which application threads were stopped: 0.0001080 seconds
Total time for which application threads were stopped: 0.0001164 seconds
Total time for which application threads were stopped: 0.0001317 seconds
Total time for which application threads were stopped: 0.0001112 seconds
Total time for which application threads were stopped: 0.0000582 seconds
Total time for which application threads were stopped: 0.0000386 seconds
Total time for which application threads were stopped: 0.0003235 seconds
Total time for which application threads were stopped: 0.0002569 seconds
Total time for which application threads were stopped: 0.0003119 seconds
{Heap before GC invocations=0 (full 0):
 par new generation   total 109248K, used 87424K [0x00000000dae00000, 0x00000000e2e00000, 0x00000000e2e00000)
  eden space 87424K, 100% used [0x00000000dae00000, 0x00000000e0360000, 0x00000000e0360000)
  from space 21824K,   0% used [0x00000000e0360000, 0x00000000e0360000, 0x00000000e18b0000)
  to   space 21824K,   0% used [0x00000000e18b0000, 0x00000000e18b0000, 0x00000000e2e00000)
 concurrent mark-sweep generation total 393216K, used 0K [0x00000000e2e00000, 0x00000000fae00000, 0x00000000fae00000)
 concurrent-mark-sweep perm gen total 21248K, used 17855K [0x00000000fae00000, 0x00000000fc2c0000, 0x0000000100000000)
2015-04-28T17:37:45.938+0300: 16.640: [GC 16.640: [ParNew
Desired survivor size 20112992 bytes, new threshold 8 (max 8)
- age   1:   12414880 bytes,   12414880 total
: 87424K->12244K(109248K), 0.0429503 secs] 87424K->12244K(502464K), 0.0430951 secs] [Times: user=0.05 sys=0.05, real=0.04 secs] 
Heap after GC invocations=1 (full 0):
 par new generation   total 109248K, used 12244K [0x00000000dae00000, 0x00000000e2e00000, 0x00000000e2e00000)
  eden space 87424K,   0% used [0x00000000dae00000, 0x00000000dae00000, 0x00000000e0360000)
  from space 21824K,  56% used [0x00000000e18b0000, 0x00000000e24a5248, 0x00000000e2e00000)
  to   space 21824K,   0% used [0x00000000e0360000, 0x00000000e0360000, 0x00000000e18b0000)
 concurrent mark-sweep generation total 393216K, used 0K [0x00000000e2e00000, 0x00000000fae00000, 0x00000000fae00000)
 concurrent-mark-sweep perm gen total 21248K, used 17855K [0x00000000fae00000, 0x00000000fc2c0000, 0x0000000100000000)
}
Total time for which application threads were stopped: 0.0436089 seconds
Total time for which application threads were stopped: 0.0001550 seconds
Total time for which application threads were stopped: 0.0000870 seconds
Total time for which application threads were stopped: 0.0000479 seconds
Total time for which application threads were stopped: 0.0000451 seconds
Total time for which application threads were stopped: 0.0000475 seconds
Total time for which application threads were stopped: 0.0000419 seconds
Total time for which application threads were stopped: 0.0000438 seconds
Total time for which application threads were stopped: 0.0000428 seconds
Total time for which application threads were stopped: 0.0000419 seconds
Total time for which application threads were stopped: 0.0000400 seconds
Total time for which application threads were stopped: 0.0000451 seconds
Total time for which application threads were stopped: 0.0000419 seconds
Total time for which application threads were stopped: 0.0000731 seconds
Total time for which application threads were stopped: 0.0000424 seconds
Total time for which application threads were stopped: 0.0000456 seconds
Total time for which application threads were stopped: 0.0000400 seconds
Total time for which application threads were stopped: 0.0000987 seconds
Total time for which application threads were stopped: 0.0000512 seconds
Total time for which application threads were stopped: 0.0000419 seconds
Total time for which application threads were stopped: 0.0001955 seconds
Total time for which application threads were stopped: 0.0000577 seconds
Total time for which application threads were stopped: 0.0000479 seconds
Total time for which application threads were stopped: 0.0001001 seconds
Total time for which application threads were stopped: 0.0000498 seconds
Total time for which application threads were stopped: 0.0000438 seconds
Total time for which application threads were stopped: 0.0001373 seconds
Total time for which application threads were stopped: 0.0000731 seconds
Total time for which application threads were stopped: 0.0000461 seconds
Total time for which application threads were stopped: 0.0000447 seconds
Total time for which application threads were stopped: 0.0000470 seconds
Total time for which application threads were stopped: 0.0000470 seconds
Total time for which application threads were stopped: 0.0000521 seconds
Total time for which application threads were stopped: 0.0000526 seconds
Total time for which application threads were stopped: 0.0000442 seconds
Total time for which application threads were stopped: 0.0000507 seconds
Total time for which application threads were stopped: 0.0000470 seconds
Total time for which application threads were stopped: 0.0000442 seconds
Total time for which application threads were stopped: 0.0000596 seconds
Total time for which application threads were stopped: 0.0000512 seconds
Total time for which application threads were stopped: 0.0000465 seconds
Total time for which application threads were stopped: 0.0001731 seconds
Total time for which application threads were stopped: 0.0001466 seconds
Total time for which application threads were stopped: 0.0001615 seconds
Total time for which application threads were stopped: 0.0001313 seconds
Total time for which application threads were stopped: 0.0000912 seconds
Total time for which application threads were stopped: 0.0005544 seconds
Total time for which application threads were stopped: 0.0001387 seconds
Total time for which application threads were stopped: 0.0005101 seconds
Total time for which application threads were stopped: 0.0001229 seconds
Total time for which application threads were stopped: 0.0000996 seconds
Total time for which application threads were stopped: 0.0003873 seconds
Total time for which application threads were stopped: 0.0000987 seconds
Total time for which application threads were stopped: 0.0004101 seconds
Total time for which application threads were stopped: 0.0001210 seconds
Total time for which application threads were stopped: 0.0001150 seconds
Total time for which application threads were stopped: 0.0008397 seconds
Total time for which application threads were stopped: 0.0001229 seconds
Total time for which application threads were stopped: 0.0001075 seconds
Total time for which application threads were stopped: 0.0001005 seconds
Total time for which application threads were stopped: 0.0001001 seconds
Total time for which application threads were stopped: 0.0001140 seconds
Total time for which application threads were stopped: 0.0001043 seconds
Total time for which application threads were stopped: 0.0000745 seconds
Total time for which application threads were stopped: 0.0000749 seconds
Total time for which application threads were stopped: 0.0000726 seconds
Total time for which application threads were stopped: 0.0001024 seconds
Total time for which application threads were stopped: 0.0007424 seconds
Total time for which application threads were stopped: 0.0001112 seconds
Total time for which application threads were stopped: 0.0000791 seconds
Total time for which application threads were stopped: 0.0000787 seconds
Total time for which application threads were stopped: 0.0001629 seconds
Total time for which application threads were stopped: 0.0001201 seconds
Total time for which application threads were stopped: 0.0000624 seconds
Total time for which application threads were stopped: 0.0000512 seconds
Total time for which application threads were stopped: 0.0001573 seconds
Total time for which application threads were stopped: 0.0012986 seconds
Total time for which application threads were stopped: 0.0001755 seconds
Total time for which application threads were stopped: 0.0001634 seconds
Total time for which application threads were stopped: 0.0000731 seconds
Total time for which application threads were stopped: 0.0000694 seconds
Total time for which application threads were stopped: 0.0001010 seconds
Total time for which application threads were stopped: 0.0001485 seconds
Total time for which application threads were stopped: 0.0001057 seconds
Total time for which application threads were stopped: 0.0001829 seconds
Total time for which application threads were stopped: 0.0001354 seconds
Total time for which application threads were stopped: 0.0001289 seconds
Total time for which application threads were stopped: 0.0001406 seconds
Total time for which application threads were stopped: 0.0001071 seconds
Total time for which application threads were stopped: 0.0002746 seconds
Total time for which application threads were stopped: 0.0001969 seconds
Total time for which application threads were stopped: 0.0003412 seconds
Total time for which application threads were stopped: 0.0001555 seconds
Total time for which application threads were stopped: 0.0001327 seconds
Total time for which application threads were stopped: 0.0000917 seconds
Total time for which application threads were stopped: 0.0001117 seconds
Total time for which application threads were stopped: 0.0000898 seconds
Total time for which application threads were stopped: 0.0001531 seconds
Total time for which application threads were stopped: 0.0001154 seconds
Total time for which application threads were stopped: 0.0001550 seconds
Total time for which application threads were stopped: 0.0001117 seconds
Total time for which application threads were stopped: 0.0001499 seconds
Total time for which application threads were stopped: 0.0001033 seconds
Total time for which application threads were stopped: 0.0001243 seconds
Total time for which application threads were stopped: 0.0001359 seconds
Total time for which application threads were stopped: 0.0001368 seconds
Total time for which application threads were stopped: 0.0001317 seconds
Total time for which application threads were stopped: 0.0000912 seconds
Total time for which application threads were stopped: 0.0001215 seconds
Total time for which application threads were stopped: 0.0000894 seconds
Total time for which application threads were stopped: 0.0001057 seconds
Total time for which application threads were stopped: 0.0001061 seconds
Total time for which application threads were stopped: 0.0000573 seconds
Total time for which application threads were stopped: 0.0001243 seconds
Total time for which application threads were stopped: 0.0001764 seconds
Total time for which application threads were stopped: 0.0001354 seconds
Total time for which application threads were stopped: 0.0001587 seconds
Total time for which application threads were stopped: 0.0000898 seconds
Total time for which application threads were stopped: 0.0001601 seconds
Total time for which application threads were stopped: 0.0002141 seconds
Total time for which application threads were stopped: 0.0096005 seconds
Total time for which application threads were stopped: 0.0216287 seconds
Total time for which application threads were stopped: 0.0002188 seconds
Total time for which application threads were stopped: 0.0001950 seconds
Total time for which application threads were stopped: 0.0003449 seconds
Total time for which application threads were stopped: 0.0012823 seconds
Total time for which application threads were stopped: 0.0377437 seconds
Total time for which application threads were stopped: 0.0000652 seconds
Total time for which application threads were stopped: 0.0000559 seconds
Total time for which application threads were stopped: 0.0000545 seconds
Total time for which application threads were stopped: 0.0000759 seconds
Total time for which application threads were stopped: 0.0000908 seconds
Total time for which application threads were stopped: 0.0001075 seconds
Total time for which application threads were stopped: 0.0000931 seconds
Total time for which application threads were stopped: 0.0001085 seconds
Total time for which application threads were stopped: 0.0001299 seconds
Total time for which application threads were stopped: 0.0001559 seconds
Total time for which application threads were stopped: 0.0001164 seconds
Total time for which application threads were stopped: 0.0000805 seconds
Total time for which application threads were stopped: 0.0000889 seconds
Total time for which application threads were stopped: 0.0001001 seconds
Total time for which application threads were stopped: 0.0008248 seconds
Total time for which application threads were stopped: 0.0001266 seconds
Total time for which application threads were stopped: 0.0001592 seconds
Total time for which application threads were stopped: 0.0173782 seconds
Total time for which application threads were stopped: 0.0042352 seconds
Total time for which application threads were stopped: 0.0002946 seconds
Total time for which application threads were stopped: 0.1286912 seconds
Total time for which application threads were stopped: 0.0001978 seconds
Total time for which application threads were stopped: 0.0001327 seconds
Total time for which application threads were stopped: 0.0001094 seconds
Total time for which application threads were stopped: 0.0001499 seconds
Total time for which application threads were stopped: 0.0034732 seconds
Total time for which application threads were stopped: 0.0001555 seconds
Total time for which application threads were stopped: 0.0001410 seconds
Total time for which application threads were stopped: 0.0001215 seconds
Total time for which application threads were stopped: 0.0001466 seconds
Total time for which application threads were stopped: 0.0001587 seconds
Total time for which application threads were stopped: 0.0014639 seconds
{Heap before GC invocations=1 (full 0):
 par new generation   total 109248K, used 99668K [0x00000000dae00000, 0x00000000e2e00000, 0x00000000e2e00000)
  eden space 87424K, 100% used [0x00000000dae00000, 0x00000000e0360000, 0x00000000e0360000)
  from space 21824K,  56% used [0x00000000e18b0000, 0x00000000e24a5248, 0x00000000e2e00000)
  to   space 21824K,   0% used [0x00000000e0360000, 0x00000000e0360000, 0x00000000e18b0000)
 concurrent mark-sweep generation total 393216K, used 0K [0x00000000e2e00000, 0x00000000fae00000, 0x00000000fae00000)
 concurrent-mark-sweep perm gen total 21248K, used 19139K [0x00000000fae00000, 0x00000000fc2c0000, 0x0000000100000000)
2015-04-28T17:37:59.270+0300: 29.972: [GC 29.972: [ParNew
Desired survivor size 20112992 bytes, new threshold 8 (max 8)
- age   1:    5695816 bytes,    5695816 total
- age   2:    4073536 bytes,    9769352 total
: 99668K->13742K(109248K), 0.0398978 secs] 99668K->13742K(502464K), 0.0400072 secs] [Times: user=0.06 sys=0.00, real=0.04 secs] 
Heap after GC invocations=2 (full 0):
 par new generation   total 109248K, used 13742K [0x00000000dae00000, 0x00000000e2e00000, 0x00000000e2e00000)
  eden space 87424K,   0% used [0x00000000dae00000, 0x00000000dae00000, 0x00000000e0360000)
  from space 21824K,  62% used [0x00000000e0360000, 0x00000000e10cbb00, 0x00000000e18b0000)
  to   space 21824K,   0% used [0x00000000e18b0000, 0x00000000e18b0000, 0x00000000e2e00000)
 concurrent mark-sweep generation total 393216K, used 0K [0x00000000e2e00000, 0x00000000fae00000, 0x00000000fae00000)
 concurrent-mark-sweep perm gen total 21248K, used 19139K [0x00000000fae00000, 0x00000000fc2c0000, 0x0000000100000000)
}
Total time for which application threads were stopped: 0.0403693 seconds
Total time for which application threads were stopped: 0.0001974 seconds
Total time for which application threads were stopped: 0.0008830 seconds
Total time for which application threads were stopped: 0.0001233 seconds
Total time for which application threads were stopped: 0.0001373 seconds
Total time for which application threads were stopped: 0.0010594 seconds
Total time for which application threads were stopped: 0.0081254 seconds
Total time for which application threads were stopped: 0.0039582 seconds
Total time for which application threads were stopped: 0.0002918 seconds
{Heap before GC invocations=2 (full 0):
 par new generation   total 109248K, used 101166K [0x00000000dae00000, 0x00000000e2e00000, 0x00000000e2e00000)
  eden space 87424K, 100% used [0x00000000dae00000, 0x00000000e0360000, 0x00000000e0360000)
  from space 21824K,  62% used [0x00000000e0360000, 0x00000000e10cbb00, 0x00000000e18b0000)
  to   space 21824K,   0% used [0x00000000e18b0000, 0x00000000e18b0000, 0x00000000e2e00000)
 concurrent mark-sweep generation total 393216K, used 0K [0x00000000e2e00000, 0x00000000fae00000, 0x00000000fae00000)
 concurrent-mark-sweep perm gen total 21248K, used 19491K [0x00000000fae00000, 0x00000000fc2c0000, 0x0000000100000000)
2015-04-28T17:38:00.184+0300: 30.886: [GC 30.886: [ParNew
Desired survivor size 20112992 bytes, new threshold 8 (max 8)
- age   1:     373176 bytes,     373176 total
- age   2:    3595088 bytes,    3968264 total
- age   3:    4070072 bytes,    8038336 total
: 101166K->10590K(109248K), 0.0246984 secs] 101166K->10590K(502464K), 0.0248204 secs] [Times: user=0.05 sys=0.00, real=0.03 secs] 
Heap after GC invocations=3 (full 0):
 par new generation   total 109248K, used 10590K [0x00000000dae00000, 0x00000000e2e00000, 0x00000000e2e00000)
  eden space 87424K,   0% used [0x00000000dae00000, 0x00000000dae00000, 0x00000000e0360000)
  from space 21824K,  48% used [0x00000000e18b0000, 0x00000000e2307b80, 0x00000000e2e00000)
  to   space 21824K,   0% used [0x00000000e0360000, 0x00000000e0360000, 0x00000000e18b0000)
 concurrent mark-sweep generation total 393216K, used 0K [0x00000000e2e00000, 0x00000000fae00000, 0x00000000fae00000)
 concurrent-mark-sweep perm gen total 21248K, used 19491K [0x00000000fae00000, 0x00000000fc2c0000, 0x0000000100000000)
}
Total time for which application threads were stopped: 0.0252011 seconds
Total time for which application threads were stopped: 0.0001406 seconds
Total time for which application threads were stopped: 0.0000870 seconds
Total time for which application threads were stopped: 0.0000675 seconds
Total time for which application threads were stopped: 0.0000666 seconds
Total time for which application threads were stopped: 0.0000638 seconds
Total time for which application threads were stopped: 0.0002774 seconds
Total time for which application threads were stopped: 0.0001280 seconds
Total time for which application threads were stopped: 0.0001410 seconds
Total time for which application threads were stopped: 0.0001336 seconds
Total time for which application threads were stopped: 0.0001583 seconds
Total time for which application threads were stopped: 0.0341155 seconds
Total time for which application threads were stopped: 0.0001638 seconds
Total time for which application threads were stopped: 0.0002225 seconds
Total time for which application threads were stopped: 0.0187871 seconds
Total time for which application threads were stopped: 0.0093114 seconds
Total time for which application threads were stopped: 0.1393017 seconds
Total time for which application threads were stopped: 0.0002788 seconds
Total time for which application threads were stopped: 0.0001499 seconds
Total time for which application threads were stopped: 0.0001927 seconds
Total time for which application threads were stopped: 0.0001401 seconds
Total time for which application threads were stopped: 0.0001629 seconds
Total time for which application threads were stopped: 0.0004040 seconds
Total time for which application threads were stopped: 0.0001992 seconds
Total time for which application threads were stopped: 0.0001471 seconds
Total time for which application threads were stopped: 0.0001378 seconds
Total time for which application threads were stopped: 0.0001317 seconds
Total time for which application threads were stopped: 0.0001275 seconds
Total time for which application threads were stopped: 0.0001592 seconds
Total time for which application threads were stopped: 0.0001378 seconds
{Heap before GC invocations=3 (full 0):
 par new generation   total 109248K, used 98014K [0x00000000dae00000, 0x00000000e2e00000, 0x00000000e2e00000)
  eden space 87424K, 100% used [0x00000000dae00000, 0x00000000e0360000, 0x00000000e0360000)
  from space 21824K,  48% used [0x00000000e18b0000, 0x00000000e2307b80, 0x00000000e2e00000)
  to   space 21824K,   0% used [0x00000000e0360000, 0x00000000e0360000, 0x00000000e18b0000)
 concurrent mark-sweep generation total 393216K, used 0K [0x00000000e2e00000, 0x00000000fae00000, 0x00000000fae00000)
 concurrent-mark-sweep perm gen total 21248K, used 20009K [0x00000000fae00000, 0x00000000fc2c0000, 0x0000000100000000)
2015-04-28T17:38:02.710+0300: 33.412: [GC 33.412: [ParNew
Desired survivor size 20112992 bytes, new threshold 8 (max 8)
- age   1:    4802976 bytes,    4802976 total
- age   2:      99656 bytes,    4902632 total
- age   3:    3546288 bytes,    8448920 total
- age   4:    4068040 bytes,   12516960 total
: 98014K->14936K(109248K), 0.0364167 secs] 98014K->14936K(502464K), 0.0365317 secs] [Times: user=0.05 sys=0.02, real=0.04 secs] 
Heap after GC invocations=4 (full 0):
 par new generation   total 109248K, used 14936K [0x00000000dae00000, 0x00000000e2e00000, 0x00000000e2e00000)
  eden space 87424K,   0% used [0x00000000dae00000, 0x00000000dae00000, 0x00000000e0360000)
  from space 21824K,  68% used [0x00000000e0360000, 0x00000000e11f6250, 0x00000000e18b0000)
  to   space 21824K,   0% used [0x00000000e18b0000, 0x00000000e18b0000, 0x00000000e2e00000)
 concurrent mark-sweep generation total 393216K, used 0K [0x00000000e2e00000, 0x00000000fae00000, 0x00000000fae00000)
 concurrent-mark-sweep perm gen total 21248K, used 20009K [0x00000000fae00000, 0x00000000fc2c0000, 0x0000000100000000)
}
Total time for which application threads were stopped: 0.0369199 seconds
Total time for which application threads were stopped: 0.0001457 seconds
Total time for which application threads were stopped: 0.0001359 seconds
Total time for which application threads were stopped: 0.0869870 seconds
Total time for which application threads were stopped: 0.0001638 seconds
Total time for which application threads were stopped: 0.0001285 seconds
{Heap before GC invocations=4 (full 0):
 par new generation   total 109248K, used 102359K [0x00000000dae00000, 0x00000000e2e00000, 0x00000000e2e00000)
  eden space 87424K,  99% used [0x00000000dae00000, 0x00000000e035fb78, 0x00000000e0360000)
  from space 21824K,  68% used [0x00000000e0360000, 0x00000000e11f6250, 0x00000000e18b0000)
  to   space 21824K,   0% used [0x00000000e18b0000, 0x00000000e18b0000, 0x00000000e2e00000)
 concurrent mark-sweep generation total 393216K, used 0K [0x00000000e2e00000, 0x00000000fae00000, 0x00000000fae00000)
 concurrent-mark-sweep perm gen total 21248K, used 20216K [0x00000000fae00000, 0x00000000fc2c0000, 0x0000000100000000)
2015-04-28T17:38:03.615+0300: 34.316: [GC 34.317: [ParNew
Desired survivor size 20112992 bytes, new threshold 8 (max 8)
- age   1:     405656 bytes,     405656 total
- age   2:    4034208 bytes,    4439864 total
- age   3:      99656 bytes,    4539520 total
- age   4:    3545744 bytes,    8085264 total
- age   5:    4066616 bytes,   12151880 total
: 102359K->17910K(109248K), 0.0324129 secs] 102359K->17910K(502464K), 0.0325283 secs] [Times: user=0.06 sys=0.00, real=0.03 secs] 
Heap after GC invocations=5 (full 0):
 par new generation   total 109248K, used 17910K [0x00000000dae00000, 0x00000000e2e00000, 0x00000000e2e00000)
  eden space 87424K,   0% used [0x00000000dae00000, 0x00000000dae00000, 0x00000000e0360000)
  from space 21824K,  82% used [0x00000000e18b0000, 0x00000000e2a2da28, 0x00000000e2e00000)
  to   space 21824K,   0% used [0x00000000e0360000, 0x00000000e0360000, 0x00000000e18b0000)
 concurrent mark-sweep generation total 393216K, used 0K [0x00000000e2e00000, 0x00000000fae00000, 0x00000000fae00000)
 concurrent-mark-sweep perm gen total 21248K, used 20216K [0x00000000fae00000, 0x00000000fc2c0000, 0x0000000100000000)
}
Total time for which application threads were stopped: 0.0331902 seconds
{Heap before GC invocations=5 (full 0):
 par new generation   total 109248K, used 105308K [0x00000000dae00000, 0x00000000e2e00000, 0x00000000e2e00000)
  eden space 87424K,  99% used [0x00000000dae00000, 0x00000000e0359718, 0x00000000e0360000)
  from space 21824K,  82% used [0x00000000e18b0000, 0x00000000e2a2da28, 0x00000000e2e00000)
  to   space 21824K,   0% used [0x00000000e0360000, 0x00000000e0360000, 0x00000000e18b0000)
 concurrent mark-sweep generation total 393216K, used 0K [0x00000000e2e00000, 0x00000000fae00000, 0x00000000fae00000)
 concurrent-mark-sweep perm gen total 21248K, used 20258K [0x00000000fae00000, 0x00000000fc2c0000, 0x0000000100000000)
2015-04-28T17:38:04.372+0300: 35.074: [GC 35.074: [ParNew
Desired survivor size 20112992 bytes, new threshold 8 (max 8)
- age   1:     348832 bytes,     348832 total
- age   2:      61112 bytes,     409944 total
- age   3:    4033536 bytes,    4443480 total
- age   4:      99656 bytes,    4543136 total
- age   5:    3545472 bytes,    8088608 total
- age   6:    4066616 bytes,   12155224 total
: 105308K->16576K(109248K), 0.0309136 secs] 105308K->16576K(502464K), 0.0310347 secs] [Times: user=0.06 sys=0.00, real=0.03 secs] 
Heap after GC invocations=6 (full 0):
 par new generation   total 109248K, used 16576K [0x00000000dae00000, 0x00000000e2e00000, 0x00000000e2e00000)
  eden space 87424K,   0% used [0x00000000dae00000, 0x00000000dae00000, 0x00000000e0360000)
  from space 21824K,  75% used [0x00000000e0360000, 0x00000000e13900e0, 0x00000000e18b0000)
  to   space 21824K,   0% used [0x00000000e18b0000, 0x00000000e18b0000, 0x00000000e2e00000)
 concurrent mark-sweep generation total 393216K, used 0K [0x00000000e2e00000, 0x00000000fae00000, 0x00000000fae00000)
 concurrent-mark-sweep perm gen total 21248K, used 20258K [0x00000000fae00000, 0x00000000fc2c0000, 0x0000000100000000)
}
Total time for which application threads were stopped: 0.0315932 seconds
Total time for which application threads were stopped: 0.0001806 seconds
Total time for which application threads were stopped: 0.0001536 seconds
Total time for which application threads were stopped: 0.0001410 seconds
Total time for which application threads were stopped: 0.0001550 seconds
Total time for which application threads were stopped: 0.0001699 seconds
Total time for which application threads were stopped: 0.0001387 seconds
Total time for which application threads were stopped: 0.0001555 seconds
Total time for which application threads were stopped: 0.0000726 seconds
Total time for which application threads were stopped: 0.0001219 seconds
Total time for which application threads were stopped: 0.0238182 seconds
Total time for which application threads were stopped: 0.0002932 seconds
{Heap before GC invocations=6 (full 0):
 par new generation   total 109248K, used 104000K [0x00000000dae00000, 0x00000000e2e00000, 0x00000000e2e00000)
  eden space 87424K, 100% used [0x00000000dae00000, 0x00000000e0360000, 0x00000000e0360000)
  from space 21824K,  75% used [0x00000000e0360000, 0x00000000e13900e0, 0x00000000e18b0000)
  to   space 21824K,   0% used [0x00000000e18b0000, 0x00000000e18b0000, 0x00000000e2e00000)
 concurrent mark-sweep generation total 393216K, used 0K [0x00000000e2e00000, 0x00000000fae00000, 0x00000000fae00000)
 concurrent-mark-sweep perm gen total 21248K, used 20970K [0x00000000fae00000, 0x00000000fc2c0000, 0x0000000100000000)
2015-04-28T17:38:05.357+0300: 36.059: [GC 36.059: [ParNew
Desired survivor size 20112992 bytes, new threshold 8 (max 8)
- age   1:    1356568 bytes,    1356568 total
- age   2:      32480 bytes,    1389048 total
- age   3:      60856 bytes,    1449904 total
- age   4:    4033408 bytes,    5483312 total
- age   5:      99656 bytes,    5582968 total
- age   6:    3545152 bytes,    9128120 total
- age   7:    4064224 bytes,   13192344 total
: 104000K->14581K(109248K), 0.0337301 secs] 104000K->14581K(502464K), 0.0339465 secs] [Times: user=0.06 sys=0.00, real=0.03 secs] 
Heap after GC invocations=7 (full 0):
 par new generation   total 109248K, used 14581K [0x00000000dae00000, 0x00000000e2e00000, 0x00000000e2e00000)
  eden space 87424K,   0% used [0x00000000dae00000, 0x00000000dae00000, 0x00000000e0360000)
  from space 21824K,  66% used [0x00000000e18b0000, 0x00000000e26ed730, 0x00000000e2e00000)
  to   space 21824K,   0% used [0x00000000e0360000, 0x00000000e0360000, 0x00000000e18b0000)
 concurrent mark-sweep generation total 393216K, used 0K [0x00000000e2e00000, 0x00000000fae00000, 0x00000000fae00000)
 concurrent-mark-sweep perm gen total 21248K, used 20970K [0x00000000fae00000, 0x00000000fc2c0000, 0x0000000100000000)
}
Total time for which application threads were stopped: 0.0550153 seconds
Total time for which application threads were stopped: 0.0002486 seconds
Total time for which application threads were stopped: 0.0001462 seconds
{Heap before GC invocations=7 (full 0):
 par new generation   total 109248K, used 102005K [0x00000000dae00000, 0x00000000e2e00000, 0x00000000e2e00000)
  eden space 87424K, 100% used [0x00000000dae00000, 0x00000000e0360000, 0x00000000e0360000)
  from space 21824K,  66% used [0x00000000e18b0000, 0x00000000e26ed730, 0x00000000e2e00000)
  to   space 21824K,   0% used [0x00000000e0360000, 0x00000000e0360000, 0x00000000e18b0000)
 concurrent mark-sweep generation total 393216K, used 0K [0x00000000e2e00000, 0x00000000fae00000, 0x00000000fae00000)
 concurrent-mark-sweep perm gen total 21248K, used 21038K [0x00000000fae00000, 0x00000000fc2c0000, 0x0000000100000000)
2015-04-28T17:38:06.150+0300: 36.852: [GC 36.852: [ParNew
Desired survivor size 20112992 bytes, new threshold 8 (max 8)
- age   1:     814440 bytes,     814440 total
- age   2:     133680 bytes,     948120 total
- age   3:      32040 bytes,     980160 total
- age   4:      60792 bytes,    1040952 total
- age   5:    4033448 bytes,    5074400 total
- age   6:      99656 bytes,    5174056 total
- age   7:    3544960 bytes,    8719016 total
- age   8:    4063856 bytes,   12782872 total
: 102005K->21824K(109248K), 0.0354653 secs] 102005K->21824K(502464K), 0.0355710 secs] [Times: user=0.06 sys=0.00, real=0.04 secs] 
Heap after GC invocations=8 (full 0):
 par new generation   total 109248K, used 21824K [0x00000000dae00000, 0x00000000e2e00000, 0x00000000e2e00000)
  eden space 87424K,   0% used [0x00000000dae00000, 0x00000000dae00000, 0x00000000e0360000)
  from space 21824K, 100% used [0x00000000e0360000, 0x00000000e18b0000, 0x00000000e18b0000)
  to   space 21824K,   0% used [0x00000000e18b0000, 0x00000000e18b0000, 0x00000000e2e00000)
 concurrent mark-sweep generation total 393216K, used 0K [0x00000000e2e00000, 0x00000000fae00000, 0x00000000fae00000)
 concurrent-mark-sweep perm gen total 21248K, used 21038K [0x00000000fae00000, 0x00000000fc2c0000, 0x0000000100000000)
}
Total time for which application threads were stopped: 0.0361095 seconds
{Heap before GC invocations=8 (full 0):
 par new generation   total 109248K, used 109248K [0x00000000dae00000, 0x00000000e2e00000, 0x00000000e2e00000)
  eden space 87424K, 100% used [0x00000000dae00000, 0x00000000e0360000, 0x00000000e0360000)
  from space 21824K, 100% used [0x00000000e0360000, 0x00000000e18b0000, 0x00000000e18b0000)
  to   space 21824K,   0% used [0x00000000e18b0000, 0x00000000e18b0000, 0x00000000e2e00000)
 concurrent mark-sweep generation total 393216K, used 0K [0x00000000e2e00000, 0x00000000fae00000, 0x00000000fae00000)
 concurrent-mark-sweep perm gen total 21248K, used 21076K [0x00000000fae00000, 0x00000000fc2c0000, 0x0000000100000000)
2015-04-28T17:38:06.866+0300: 37.568: [GC 37.568: [ParNew
Desired survivor size 20112992 bytes, new threshold 8 (max 8)
- age   1:     497568 bytes,     497568 total
- age   2:      92024 bytes,     589592 total
- age   3:     133400 bytes,     722992 total
- age   4:      31888 bytes,     754880 total
- age   5:      60760 bytes,     815640 total
- age   6:    4033368 bytes,    4849008 total
- age   7:      99656 bytes,    4948664 total
- age   8:    3544720 bytes,    8493384 total
: 109248K->11801K(109248K), 0.0918663 secs] 109248K->16225K(502464K), 0.0920083 secs] [Times: user=0.16 sys=0.02, real=0.09 secs] 
Heap after GC invocations=9 (full 0):
 par new generation   total 109248K, used 11801K [0x00000000dae00000, 0x00000000e2e00000, 0x00000000e2e00000)
  eden space 87424K,   0% used [0x00000000dae00000, 0x00000000dae00000, 0x00000000e0360000)
  from space 21824K,  54% used [0x00000000e18b0000, 0x00000000e2436780, 0x00000000e2e00000)
  to   space 21824K,   0% used [0x00000000e0360000, 0x00000000e0360000, 0x00000000e18b0000)
 concurrent mark-sweep generation total 393216K, used 4423K [0x00000000e2e00000, 0x00000000fae00000, 0x00000000fae00000)
 concurrent-mark-sweep perm gen total 21248K, used 21076K [0x00000000fae00000, 0x00000000fc2c0000, 0x0000000100000000)
}
Total time for which application threads were stopped: 0.0925021 seconds
{Heap before GC invocations=9 (full 0):
 par new generation   total 109248K, used 99225K [0x00000000dae00000, 0x00000000e2e00000, 0x00000000e2e00000)
  eden space 87424K, 100% used [0x00000000dae00000, 0x00000000e0360000, 0x00000000e0360000)
  from space 21824K,  54% used [0x00000000e18b0000, 0x00000000e2436780, 0x00000000e2e00000)
  to   space 21824K,   0% used [0x00000000e0360000, 0x00000000e0360000, 0x00000000e18b0000)
 concurrent mark-sweep generation total 393216K, used 4423K [0x00000000e2e00000, 0x00000000fae00000, 0x00000000fae00000)
 concurrent-mark-sweep perm gen total 21248K, used 21110K [0x00000000fae00000, 0x00000000fc2c0000, 0x0000000100000000)
2015-04-28T17:38:07.558+0300: 38.260: [GC 38.260: [ParNew
Desired survivor size 20112992 bytes, new threshold 8 (max 8)
- age   1:     670960 bytes,     670960 total
- age   2:      59008 bytes,     729968 total
- age   3:      92024 bytes,     821992 total
- age   4:     133400 bytes,     955392 total
- age   5:      31888 bytes,     987280 total
- age   6:      60728 bytes,    1048008 total
- age   7:    4033328 bytes,    5081336 total
- age   8:      99656 bytes,    5180992 total
: 99225K->8024K(109248K), 0.0505125 secs] 103649K->16057K(502464K), 0.0506233 secs] [Times: user=0.05 sys=0.00, real=0.05 secs] 
Heap after GC invocations=10 (full 0):
 par new generation   total 109248K, used 8024K [0x00000000dae00000, 0x00000000e2e00000, 0x00000000e2e00000)
  eden space 87424K,   0% used [0x00000000dae00000, 0x00000000dae00000, 0x00000000e0360000)
  from space 21824K,  36% used [0x00000000e0360000, 0x00000000e0b36328, 0x00000000e18b0000)
  to   space 21824K,   0% used [0x00000000e18b0000, 0x00000000e18b0000, 0x00000000e2e00000)
 concurrent mark-sweep generation total 393216K, used 8032K [0x00000000e2e00000, 0x00000000fae00000, 0x00000000fae00000)
 concurrent-mark-sweep perm gen total 21248K, used 21110K [0x00000000fae00000, 0x00000000fc2c0000, 0x0000000100000000)
}
Total time for which application threads were stopped: 0.0511567 seconds
{Heap before GC invocations=10 (full 0):
 par new generation   total 109248K, used 95448K [0x00000000dae00000, 0x00000000e2e00000, 0x00000000e2e00000)
  eden space 87424K, 100% used [0x00000000dae00000, 0x00000000e0360000, 0x00000000e0360000)
  from space 21824K,  36% used [0x00000000e0360000, 0x00000000e0b36328, 0x00000000e18b0000)
  to   space 21824K,   0% used [0x00000000e18b0000, 0x00000000e18b0000, 0x00000000e2e00000)
 concurrent mark-sweep generation total 393216K, used 8032K [0x00000000e2e00000, 0x00000000fae00000, 0x00000000fae00000)
 concurrent-mark-sweep perm gen total 21248K, used 21140K [0x00000000fae00000, 0x00000000fc2c0000, 0x0000000100000000)
2015-04-28T17:38:08.290+0300: 38.992: [GC 38.992: [ParNew
Desired survivor size 20112992 bytes, new threshold 8 (max 8)
- age   1:     610888 bytes,     610888 total
- age   2:      72432 bytes,     683320 total
- age   3:      58024 bytes,     741344 total
- age   4:      91320 bytes,     832664 total
- age   5:     132440 bytes,     965104 total
- age   6:      31888 bytes,     996992 total
- age   7:      60752 bytes,    1057744 total
- age   8:    4033376 bytes,    5091120 total
: 95448K->6631K(109248K), 0.0147265 secs] 103481K->14763K(502464K), 0.0148727 secs] [Times: user=0.03 sys=0.00, real=0.02 secs] 
Heap after GC invocations=11 (full 0):
 par new generation   total 109248K, used 6631K [0x00000000dae00000, 0x00000000e2e00000, 0x00000000e2e00000)
  eden space 87424K,   0% used [0x00000000dae00000, 0x00000000dae00000, 0x00000000e0360000)
  from space 21824K,  30% used [0x00000000e18b0000, 0x00000000e1f29c18, 0x00000000e2e00000)
  to   space 21824K,   0% used [0x00000000e0360000, 0x00000000e0360000, 0x00000000e18b0000)
 concurrent mark-sweep generation total 393216K, used 8132K [0x00000000e2e00000, 0x00000000fae00000, 0x00000000fae00000)
 concurrent-mark-sweep perm gen total 21248K, used 21140K [0x00000000fae00000, 0x00000000fc2c0000, 0x0000000100000000)
}
Total time for which application threads were stopped: 0.0154568 seconds
{Heap before GC invocations=11 (full 0):
 par new generation   total 109248K, used 94023K [0x00000000dae00000, 0x00000000e2e00000, 0x00000000e2e00000)
  eden space 87424K,  99% used [0x00000000dae00000, 0x00000000e0358178, 0x00000000e0360000)
  from space 21824K,  30% used [0x00000000e18b0000, 0x00000000e1f29c18, 0x00000000e2e00000)
  to   space 21824K,   0% used [0x00000000e0360000, 0x00000000e0360000, 0x00000000e18b0000)
 concurrent mark-sweep generation total 393216K, used 8132K [0x00000000e2e00000, 0x00000000fae00000, 0x00000000fae00000)
 concurrent-mark-sweep perm gen total 21248K, used 21161K [0x00000000fae00000, 0x00000000fc2c0000, 0x0000000100000000)
2015-04-28T17:38:09.117+0300: 39.819: [GC 39.819: [ParNew
Desired survivor size 20112992 bytes, new threshold 8 (max 8)
- age   1:     846600 bytes,     846600 total
- age   2:      79128 bytes,     925728 total
- age   3:      72280 bytes,     998008 total
- age   4:      58024 bytes,    1056032 total
- age   5:      91320 bytes,    1147352 total
- age   6:     132408 bytes,    1279760 total
- age   7:      31888 bytes,    1311648 total
- age   8:      60728 bytes,    1372376 total
: 94023K->2467K(109248K), 0.0227319 secs] 102155K->14574K(502464K), 0.0228538 secs] [Times: user=0.03 sys=0.00, real=0.02 secs] 
Heap after GC invocations=12 (full 0):
 par new generation   total 109248K, used 2467K [0x00000000dae00000, 0x00000000e2e00000, 0x00000000e2e00000)
  eden space 87424K,   0% used [0x00000000dae00000, 0x00000000dae00000, 0x00000000e0360000)
  from space 21824K,  11% used [0x00000000e0360000, 0x00000000e05c8ce0, 0x00000000e18b0000)
  to   space 21824K,   0% used [0x00000000e18b0000, 0x00000000e18b0000, 0x00000000e2e00000)
 concurrent mark-sweep generation total 393216K, used 12107K [0x00000000e2e00000, 0x00000000fae00000, 0x00000000fae00000)
 concurrent-mark-sweep perm gen total 21248K, used 21161K [0x00000000fae00000, 0x00000000fc2c0000, 0x0000000100000000)
}
Total time for which application threads were stopped: 0.0234938 seconds
Total time for which application threads were stopped: 0.0004194 seconds
Total time for which application threads were stopped: 0.0001541 seconds
{Heap before GC invocations=12 (full 0):
 par new generation   total 109248K, used 89891K [0x00000000dae00000, 0x00000000e2e00000, 0x00000000e2e00000)
  eden space 87424K, 100% used [0x00000000dae00000, 0x00000000e0360000, 0x00000000e0360000)
  from space 21824K,  11% used [0x00000000e0360000, 0x00000000e05c8ce0, 0x00000000e18b0000)
  to   space 21824K,   0% used [0x00000000e18b0000, 0x00000000e18b0000, 0x00000000e2e00000)
 concurrent mark-sweep generation total 393216K, used 12107K [0x00000000e2e00000, 0x00000000fae00000, 0x00000000fae00000)
 concurrent-mark-sweep perm gen total 21632K, used 21552K [0x00000000fae00000, 0x00000000fc320000, 0x0000000100000000)
2015-04-28T17:38:10.027+0300: 40.729: [GC 40.729: [ParNew
Desired survivor size 20112992 bytes, new threshold 8 (max 8)
- age   1:    1488096 bytes,    1488096 total
- age   2:      73848 bytes,    1561944 total
- age   3:      78480 bytes,    1640424 total
- age   4:      72280 bytes,    1712704 total
- age   5:      57712 bytes,    1770416 total
- age   6:      91000 bytes,    1861416 total
- age   7:     132360 bytes,    1993776 total
- age   8:      31856 bytes,    2025632 total
: 89891K->2604K(109248K), 0.0404862 secs] 101998K->14773K(502464K), 0.0406063 secs] [Times: user=0.08 sys=0.00, real=0.04 secs] 
Heap after GC invocations=13 (full 0):
 par new generation   total 109248K, used 2604K [0x00000000dae00000, 0x00000000e2e00000, 0x00000000e2e00000)
  eden space 87424K,   0% used [0x00000000dae00000, 0x00000000dae00000, 0x00000000e0360000)
  from space 21824K,  11% used [0x00000000e18b0000, 0x00000000e1b3b120, 0x00000000e2e00000)
  to   space 21824K,   0% used [0x00000000e0360000, 0x00000000e0360000, 0x00000000e18b0000)
 concurrent mark-sweep generation total 393216K, used 12169K [0x00000000e2e00000, 0x00000000fae00000, 0x00000000fae00000)
 concurrent-mark-sweep perm gen total 21632K, used 21552K [0x00000000fae00000, 0x00000000fc320000, 0x0000000100000000)
}
Total time for which application threads were stopped: 0.0411997 seconds
Total time for which application threads were stopped: 0.0002695 seconds
Total time for which application threads were stopped: 0.0001615 seconds
Total time for which application threads were stopped: 0.0001206 seconds
{Heap before GC invocations=13 (full 0):
 par new generation   total 109248K, used 90028K [0x00000000dae00000, 0x00000000e2e00000, 0x00000000e2e00000)
  eden space 87424K, 100% used [0x00000000dae00000, 0x00000000e0360000, 0x00000000e0360000)
  from space 21824K,  11% used [0x00000000e18b0000, 0x00000000e1b3b120, 0x00000000e2e00000)
  to   space 21824K,   0% used [0x00000000e0360000, 0x00000000e0360000, 0x00000000e18b0000)
 concurrent mark-sweep generation total 393216K, used 12169K [0x00000000e2e00000, 0x00000000fae00000, 0x00000000fae00000)
 concurrent-mark-sweep perm gen total 21824K, used 21641K [0x00000000fae00000, 0x00000000fc350000, 0x0000000100000000)
2015-04-28T17:38:10.900+0300: 41.602: [GC 41.602: [ParNew
Desired survivor size 20112992 bytes, new threshold 8 (max 8)
- age   1:     764360 bytes,     764360 total
- age   2:     133992 bytes,     898352 total
- age   3:      73848 bytes,     972200 total
- age   4:      78480 bytes,    1050680 total
- age   5:      72280 bytes,    1122960 total
- age   6:      57712 bytes,    1180672 total
- age   7:      91000 bytes,    1271672 total
- age   8:     132360 bytes,    1404032 total
: 90028K->2551K(109248K), 0.0078462 secs] 102197K->14753K(502464K), 0.0079602 secs] [Times: user=0.00 sys=0.00, real=0.01 secs] 
Heap after GC invocations=14 (full 0):
 par new generation   total 109248K, used 2551K [0x00000000dae00000, 0x00000000e2e00000, 0x00000000e2e00000)
  eden space 87424K,   0% used [0x00000000dae00000, 0x00000000dae00000, 0x00000000e0360000)
  from space 21824K,  11% used [0x00000000e0360000, 0x00000000e05ddc20, 0x00000000e18b0000)
  to   space 21824K,   0% used [0x00000000e18b0000, 0x00000000e18b0000, 0x00000000e2e00000)
 concurrent mark-sweep generation total 393216K, used 12202K [0x00000000e2e00000, 0x00000000fae00000, 0x00000000fae00000)
 concurrent-mark-sweep perm gen total 21824K, used 21641K [0x00000000fae00000, 0x00000000fc350000, 0x0000000100000000)
}
Total time for which application threads were stopped: 0.0084126 seconds
Total time for which application threads were stopped: 0.0324562 seconds
Total time for which application threads were stopped: 0.0001210 seconds
Total time for which application threads were stopped: 0.0001866 seconds
Total time for which application threads were stopped: 0.0994472 seconds
Total time for which application threads were stopped: 0.0001489 seconds
Total time for which application threads were stopped: 0.0006865 seconds
Total time for which application threads were stopped: 0.0169351 seconds
Total time for which application threads were stopped: 0.1667854 seconds
Total time for which application threads were stopped: 0.0001536 seconds
Total time for which application threads were stopped: 0.0004143 seconds
Total time for which application threads were stopped: 0.0001503 seconds
Total time for which application threads were stopped: 0.0008024 seconds
Total time for which application threads were stopped: 0.0002220 seconds
Total time for which application threads were stopped: 0.0001731 seconds
Total time for which application threads were stopped: 0.0158781 seconds
Total time for which application threads were stopped: 0.0001475 seconds
Total time for which application threads were stopped: 0.0001164 seconds
{Heap before GC invocations=14 (full 0):
 par new generation   total 109248K, used 89965K [0x00000000dae00000, 0x00000000e2e00000, 0x00000000e2e00000)
  eden space 87424K,  99% used [0x00000000dae00000, 0x00000000e035db30, 0x00000000e0360000)
  from space 21824K,  11% used [0x00000000e0360000, 0x00000000e05ddc20, 0x00000000e18b0000)
  to   space 21824K,   0% used [0x00000000e18b0000, 0x00000000e18b0000, 0x00000000e2e00000)
 concurrent mark-sweep generation total 393216K, used 12202K [0x00000000e2e00000, 0x00000000fae00000, 0x00000000fae00000)
 concurrent-mark-sweep perm gen total 22784K, used 22595K [0x00000000fae00000, 0x00000000fc440000, 0x0000000100000000)
2015-04-28T17:38:12.214+0300: 42.916: [GC 42.916: [ParNew
Desired survivor size 20112992 bytes, new threshold 8 (max 8)
- age   1:    1615440 bytes,    1615440 total
- age   2:      84872 bytes,    1700312 total
- age   3:     133992 bytes,    1834304 total
- age   4:      73848 bytes,    1908152 total
- age   5:      78480 bytes,    1986632 total
- age   6:      72280 bytes,    2058912 total
- age   7:      57712 bytes,    2116624 total
- age   8:      91000 bytes,    2207624 total
: 89965K->2515K(109248K), 0.0134032 secs] 102168K->14850K(502464K), 0.0135410 secs] [Times: user=0.02 sys=0.00, real=0.01 secs] 
Heap after GC invocations=15 (full 0):
 par new generation   total 109248K, used 2515K [0x00000000dae00000, 0x00000000e2e00000, 0x00000000e2e00000)
  eden space 87424K,   0% used [0x00000000dae00000, 0x00000000dae00000, 0x00000000e0360000)
  from space 21824K,  11% used [0x00000000e18b0000, 0x00000000e1b24fc0, 0x00000000e2e00000)
  to   space 21824K,   0% used [0x00000000e0360000, 0x00000000e0360000, 0x00000000e18b0000)
 concurrent mark-sweep generation total 393216K, used 12334K [0x00000000e2e00000, 0x00000000fae00000, 0x00000000fae00000)
 concurrent-mark-sweep perm gen total 22784K, used 22595K [0x00000000fae00000, 0x00000000fc440000, 0x0000000100000000)
}
Total time for which application threads were stopped: 0.0145585 seconds
Total time for which application threads were stopped: 0.0002988 seconds
Total time for which application threads were stopped: 0.0002304 seconds
Total time for which application threads were stopped: 0.0003724 seconds
Total time for which application threads were stopped: 0.0001727 seconds
Total time for which application threads were stopped: 0.0001606 seconds
Total time for which application threads were stopped: 0.0001690 seconds
Total time for which application threads were stopped: 0.0005162 seconds
Total time for which application threads were stopped: 0.0001662 seconds
Total time for which application threads were stopped: 0.0223558 seconds
Total time for which application threads were stopped: 0.0001601 seconds
Total time for which application threads were stopped: 0.0002081 seconds
Total time for which application threads were stopped: 0.0001569 seconds
Total time for which application threads were stopped: 0.0003626 seconds
Total time for which application threads were stopped: 0.0003463 seconds
Total time for which application threads were stopped: 0.0003114 seconds
Total time for which application threads were stopped: 0.0002551 seconds
Total time for which application threads were stopped: 0.0002113 seconds
Total time for which application threads were stopped: 0.0002821 seconds
Total time for which application threads were stopped: 0.0008481 seconds
Total time for which application threads were stopped: 0.0042091 seconds
Total time for which application threads were stopped: 0.0051670 seconds
Total time for which application threads were stopped: 0.0002015 seconds
Total time for which application threads were stopped: 0.0001927 seconds
Total time for which application threads were stopped: 0.0002053 seconds
Total time for which application threads were stopped: 0.0001666 seconds
Total time for which application threads were stopped: 0.0001564 seconds
Total time for which application threads were stopped: 0.0001620 seconds
Total time for which application threads were stopped: 0.0001908 seconds
Total time for which application threads were stopped: 0.0001597 seconds
Total time for which application threads were stopped: 0.0001592 seconds
Total time for which application threads were stopped: 0.0001471 seconds
Total time for which application threads were stopped: 0.0001192 seconds
Total time for which application threads were stopped: 0.0001513 seconds
Total time for which application threads were stopped: 0.0002136 seconds
Total time for which application threads were stopped: 0.0001690 seconds
Total time for which application threads were stopped: 0.0003593 seconds
Total time for which application threads were stopped: 0.0001820 seconds
Total time for which application threads were stopped: 0.0002323 seconds
Total time for which application threads were stopped: 0.0003454 seconds
Total time for which application threads were stopped: 0.0002076 seconds
Total time for which application threads were stopped: 0.0001592 seconds
{Heap before GC invocations=15 (full 0):
 par new generation   total 109248K, used 89939K [0x00000000dae00000, 0x00000000e2e00000, 0x00000000e2e00000)
  eden space 87424K, 100% used [0x00000000dae00000, 0x00000000e0360000, 0x00000000e0360000)
  from space 21824K,  11% used [0x00000000e18b0000, 0x00000000e1b24fc0, 0x00000000e2e00000)
  to   space 21824K,   0% used [0x00000000e0360000, 0x00000000e0360000, 0x00000000e18b0000)
 concurrent mark-sweep generation total 393216K, used 12334K [0x00000000e2e00000, 0x00000000fae00000, 0x00000000fae00000)
 concurrent-mark-sweep perm gen total 24896K, used 24704K [0x00000000fae00000, 0x00000000fc650000, 0x0000000100000000)
2015-04-28T17:38:16.129+0300: 46.831: [GC 46.831: [ParNew
Desired survivor size 20112992 bytes, new threshold 8 (max 8)
- age   1:    4287112 bytes,    4287112 total
- age   2:     420400 bytes,    4707512 total
- age   3:      84872 bytes,    4792384 total
- age   4:     133992 bytes,    4926376 total
- age   5:      73848 bytes,    5000224 total
- age   6:      78480 bytes,    5078704 total
- age   7:      72280 bytes,    5150984 total
- age   8:      57712 bytes,    5208696 total
: 89939K->6342K(109248K), 0.0175374 secs] 102274K->18767K(502464K), 0.0176589 secs] [Times: user=0.01 sys=0.02, real=0.02 secs] 
Heap after GC invocations=16 (full 0):
 par new generation   total 109248K, used 6342K [0x00000000dae00000, 0x00000000e2e00000, 0x00000000e2e00000)
  eden space 87424K,   0% used [0x00000000dae00000, 0x00000000dae00000, 0x00000000e0360000)
  from space 21824K,  29% used [0x00000000e0360000, 0x00000000e0991a28, 0x00000000e18b0000)
  to   space 21824K,   0% used [0x00000000e18b0000, 0x00000000e18b0000, 0x00000000e2e00000)
 concurrent mark-sweep generation total 393216K, used 12424K [0x00000000e2e00000, 0x00000000fae00000, 0x00000000fae00000)
 concurrent-mark-sweep perm gen total 24896K, used 24704K [0x00000000fae00000, 0x00000000fc650000, 0x0000000100000000)
}
Total time for which application threads were stopped: 0.0216087 seconds
Total time for which application threads were stopped: 0.0004468 seconds
Total time for which application threads were stopped: 0.0001583 seconds
Total time for which application threads were stopped: 0.0002811 seconds
Total time for which application threads were stopped: 0.0002057 seconds
Total time for which application threads were stopped: 0.0002067 seconds
Total time for which application threads were stopped: 0.0000573 seconds
Total time for which application threads were stopped: 0.0000624 seconds
Total time for which application threads were stopped: 0.0001685 seconds
Total time for which application threads were stopped: 0.0115554 seconds
Total time for which application threads were stopped: 0.0007913 seconds
Total time for which application threads were stopped: 0.0021118 seconds
Total time for which application threads were stopped: 0.0001908 seconds
Total time for which application threads were stopped: 0.0001178 seconds
Total time for which application threads were stopped: 0.0002923 seconds
Total time for which application threads were stopped: 0.0001936 seconds
Total time for which application threads were stopped: 0.0000875 seconds
Total time for which application threads were stopped: 0.0001005 seconds
Total time for which application threads were stopped: 0.0001448 seconds
Total time for which application threads were stopped: 0.0001620 seconds
Total time for which application threads were stopped: 0.0002890 seconds
Total time for which application threads were stopped: 0.0001843 seconds
Total time for which application threads were stopped: 0.0255297 seconds
Total time for which application threads were stopped: 0.0055510 seconds
Total time for which application threads were stopped: 0.0093179 seconds
Total time for which application threads were stopped: 0.0007736 seconds
Total time for which application threads were stopped: 0.0002164 seconds
Total time for which application threads were stopped: 0.0004073 seconds
Total time for which application threads were stopped: 0.0003407 seconds
Total time for which application threads were stopped: 0.0001475 seconds
Total time for which application threads were stopped: 0.0001755 seconds
Total time for which application threads were stopped: 0.0001685 seconds
Total time for which application threads were stopped: 0.0001415 seconds
Total time for which application threads were stopped: 0.0001922 seconds
Total time for which application threads were stopped: 0.0003752 seconds
Total time for which application threads were stopped: 0.0001531 seconds
Total time for which application threads were stopped: 0.0002518 seconds
Total time for which application threads were stopped: 0.0012591 seconds
Total time for which application threads were stopped: 0.0001699 seconds
Total time for which application threads were stopped: 0.0001285 seconds
Total time for which application threads were stopped: 0.0000526 seconds
Total time for which application threads were stopped: 0.0000624 seconds
Total time for which application threads were stopped: 0.0001848 seconds
Total time for which application threads were stopped: 0.0082283 seconds
Total time for which application threads were stopped: 0.0001471 seconds
Total time for which application threads were stopped: 0.0001592 seconds
Total time for which application threads were stopped: 0.0001680 seconds
Total time for which application threads were stopped: 0.0002984 seconds
Total time for which application threads were stopped: 0.0003021 seconds
Total time for which application threads were stopped: 0.0013796 seconds
Total time for which application threads were stopped: 0.0000880 seconds
Total time for which application threads were stopped: 0.0001280 seconds
Total time for which application threads were stopped: 0.0011306 seconds
Total time for which application threads were stopped: 0.0001946 seconds
Total time for which application threads were stopped: 0.0001899 seconds
Total time for which application threads were stopped: 0.0001857 seconds
Total time for which application threads were stopped: 0.0001801 seconds
Total time for which application threads were stopped: 0.0002742 seconds
Total time for which application threads were stopped: 0.0001536 seconds
Total time for which application threads were stopped: 0.0001513 seconds
Total time for which application threads were stopped: 0.0003728 seconds
Total time for which application threads were stopped: 0.0002802 seconds
Total time for which application threads were stopped: 0.0002164 seconds
Total time for which application threads were stopped: 0.0001545 seconds
Total time for which application threads were stopped: 0.0003295 seconds
Total time for which application threads were stopped: 0.0001336 seconds
Total time for which application threads were stopped: 0.0003244 seconds
Total time for which application threads were stopped: 0.0003668 seconds
Total time for which application threads were stopped: 0.0003458 seconds
Total time for which application threads were stopped: 0.0009109 seconds
Total time for which application threads were stopped: 0.0002918 seconds
Total time for which application threads were stopped: 0.0009937 seconds
Total time for which application threads were stopped: 0.0005674 seconds
Total time for which application threads were stopped: 0.0008215 seconds
Total time for which application threads were stopped: 0.0001890 seconds
Total time for which application threads were stopped: 0.0001187 seconds
Total time for which application threads were stopped: 0.0003114 seconds
Total time for which application threads were stopped: 0.0001257 seconds
Total time for which application threads were stopped: 0.0001345 seconds
Total time for which application threads were stopped: 0.0001438 seconds
Total time for which application threads were stopped: 0.0001303 seconds
Total time for which application threads were stopped: 0.0001406 seconds
Total time for which application threads were stopped: 0.0003458 seconds
Total time for which application threads were stopped: 0.0001047 seconds
Total time for which application threads were stopped: 0.0001438 seconds
Total time for which application threads were stopped: 0.0003212 seconds
Total time for which application threads were stopped: 0.0001555 seconds
Total time for which application threads were stopped: 0.0001224 seconds
Total time for which application threads were stopped: 0.0003212 seconds
Total time for which application threads were stopped: 0.0003263 seconds
Total time for which application threads were stopped: 0.0001080 seconds
Total time for which application threads were stopped: 0.0001192 seconds
Total time for which application threads were stopped: 0.0006851 seconds
Total time for which application threads were stopped: 0.0337054 seconds
Total time for which application threads were stopped: 0.0001499 seconds
Total time for which application threads were stopped: 0.0001364 seconds
Total time for which application threads were stopped: 0.0001219 seconds
Total time for which application threads were stopped: 0.0008862 seconds
Total time for which application threads were stopped: 0.0001978 seconds
Total time for which application threads were stopped: 0.0001215 seconds
Total time for which application threads were stopped: 0.0005036 seconds
Total time for which application threads were stopped: 0.0003500 seconds
Total time for which application 